# JRE version: OpenJDK Runtime Environment (8.0_152-b02) (build 1.8.0_152-release-1024-b02)
# Java VM: OpenJDK 64-Bit Server VM (25.152-b02 mixed mode windows-amd64 compressed oops)
Heap:
 PSYoungGen      total 282624K, used 120003K [0x00000000e0000000, 0x00000000f4a00000, 0x0000000100000000)
  eden space 257024K, 36% used [0x00000000e0000000,0x00000000e5c36c38,0x00000000efb00000)
  from space 25600K, 99% used [0x00000000efb00000,0x00000000f13fa118,0x00000000f1400000)
  to   space 28672K, 0% used [0x00000000f2e00000,0x00000000f2e00000,0x00000000f4a00000)
 ParOldGen       total 166912K, used 43650K [0x00000000a0000000, 0x00000000aa300000, 0x00000000e0000000)
  object space 166912K, 26% used [0x00000000a0000000,0x00000000a2aa0bf8,0x00000000aa300000)
 Metaspace       used 87442K, capacity 91112K, committed 91264K, reserved 1128448K
  class space    used 11523K, capacity 12368K, committed 12416K, reserved 1048576K
GC Heap History (10 events):
Event: 7.562 GC heap before
{Heap before GC invocations=10 (full 2):
 PSYoungGen      total 156160K, used 156155K [0x00000000e0000000, 0x00000000eed80000, 0x0000000100000000)
  eden space 141824K, 100% used [0x00000000e0000000,0x00000000e8a80000,0x00000000e8a80000)
  from space 14336K, 99% used [0x00000000e8a80000,0x00000000e987ec58,0x00000000e9880000)
  to   space 16896K, 0% used [0x00000000edd00000,0x00000000edd00000,0x00000000eed80000)
 ParOldGen       total 166912K, used 19085K [0x00000000a0000000, 0x00000000aa300000, 0x00000000e0000000)
  object space 166912K, 11% used [0x00000000a0000000,0x00000000a12a3760,0x00000000aa300000)
 Metaspace       used 56470K, capacity 58244K, committed 58496K, reserved 1099776K
  class space    used 7737K, capacity 8209K, committed 8320K, reserved 1048576K
Event: 7.588 GC heap after
Heap after GC invocations=10 (full 2):
 PSYoungGen      total 221696K, used 16877K [0x00000000e0000000, 0x00000000ef600000, 0x0000000100000000)
  eden space 204800K, 0% used [0x00000000e0000000,0x00000000e0000000,0x00000000ec800000)
  from space 16896K, 99% used [0x00000000edd00000,0x00000000eed7b510,0x00000000eed80000)
  to   space 21504K, 0% used [0x00000000ec800000,0x00000000ec800000,0x00000000edd00000)
 ParOldGen       total 166912K, used 25373K [0x00000000a0000000, 0x00000000aa300000, 0x00000000e0000000)
  object space 166912K, 15% used [0x00000000a0000000,0x00000000a18c77e8,0x00000000aa300000)
 Metaspace       used 56470K, capacity 58244K, committed 58496K, reserved 1099776K
  class space    used 7737K, capacity 8209K, committed 8320K, reserved 1048576K
}
Event: 8.414 GC heap before
{Heap before GC invocations=11 (full 2):
 PSYoungGen      total 221696K, used 98957K [0x00000000e0000000, 0x00000000ef600000, 0x0000000100000000)
  eden space 204800K, 40% used [0x00000000e0000000,0x00000000e5027fd8,0x00000000ec800000)
  from space 16896K, 99% used [0x00000000edd00000,0x00000000eed7b510,0x00000000eed80000)
  to   space 21504K, 0% used [0x00000000ec800000,0x00000000ec800000,0x00000000edd00000)
 ParOldGen       total 166912K, used 25373K [0x00000000a0000000, 0x00000000aa300000, 0x00000000e0000000)
  object space 166912K, 15% used [0x00000000a0000000,0x00000000a18c77e8,0x00000000aa300000)
 Metaspace       used 57274K, capacity 58994K, committed 59008K, reserved 1099776K
  class space    used 7858K, capacity 8306K, committed 8320K, reserved 1048576K
Event: 8.434 GC heap after
Heap after GC invocations=11 (full 2):
 PSYoungGen      total 226304K, used 21485K [0x00000000e0000000, 0x00000000f3900000, 0x0000000100000000)
  eden space 204800K, 0% used [0x00000000e0000000,0x00000000e0000000,0x00000000ec800000)
  from space 21504K, 99% used [0x00000000ec800000,0x00000000edcfb530,0x00000000edd00000)
  to   space 26624K, 0% used [0x00000000f1f00000,0x00000000f1f00000,0x00000000f3900000)
 ParOldGen       total 166912K, used 30792K [0x00000000a0000000, 0x00000000aa300000, 0x00000000e0000000)
  object space 166912K, 18% used [0x00000000a0000000,0x00000000a1e12258,0x00000000aa300000)
 Metaspace       used 57274K, capacity 58994K, committed 59008K, reserved 1099776K
  class space    used 7858K, capacity 8306K, committed 8320K, reserved 1048576K
}
Event: 8.434 GC heap before
{Heap before GC invocations=12 (full 3):
 PSYoungGen      total 226304K, used 21485K [0x00000000e0000000, 0x00000000f3900000, 0x0000000100000000)
  eden space 204800K, 0% used [0x00000000e0000000,0x00000000e0000000,0x00000000ec800000)
  from space 21504K, 99% used [0x00000000ec800000,0x00000000edcfb530,0x00000000edd00000)
  to   space 26624K, 0% used [0x00000000f1f00000,0x00000000f1f00000,0x00000000f3900000)
 ParOldGen       total 166912K, used 30792K [0x00000000a0000000, 0x00000000aa300000, 0x00000000e0000000)
  object space 166912K, 18% used [0x00000000a0000000,0x00000000a1e12258,0x00000000aa300000)
 Metaspace       used 57274K, capacity 58994K, committed 59008K, reserved 1099776K
  class space    used 7858K, capacity 8306K, committed 8320K, reserved 1048576K
Event: 8.674 GC heap after
Heap after GC invocations=12 (full 3):
 PSYoungGen      total 226304K, used 0K [0x00000000e0000000, 0x00000000f3900000, 0x0000000100000000)
  eden space 204800K, 0% used [0x00000000e0000000,0x00000000e0000000,0x00000000ec800000)
  from space 21504K, 0% used [0x00000000ec800000,0x00000000ec800000,0x00000000edd00000)
  to   space 26624K, 0% used [0x00000000f1f00000,0x00000000f1f00000,0x00000000f3900000)
 ParOldGen       total 166912K, used 43385K [0x00000000a0000000, 0x00000000aa300000, 0x00000000e0000000)
  object space 166912K, 25% used [0x00000000a0000000,0x00000000a2a5e610,0x00000000aa300000)
 Metaspace       used 57274K, capacity 58994K, committed 59008K, reserved 1099776K
  class space    used 7858K, capacity 8306K, committed 8320K, reserved 1048576K
}
Event: 12.440 GC heap before
{Heap before GC invocations=13 (full 3):
 PSYoungGen      total 226304K, used 204800K [0x00000000e0000000, 0x00000000f3900000, 0x0000000100000000)
  eden space 204800K, 100% used [0x00000000e0000000,0x00000000ec800000,0x00000000ec800000)
  from space 21504K, 0% used [0x00000000ec800000,0x00000000ec800000,0x00000000edd00000)
  to   space 26624K, 0% used [0x00000000f1f00000,0x00000000f1f00000,0x00000000f3900000)
 ParOldGen       total 166912K, used 43385K [0x00000000a0000000, 0x00000000aa300000, 0x00000000e0000000)
  object space 166912K, 25% used [0x00000000a0000000,0x00000000a2a5e610,0x00000000aa300000)
 Metaspace       used 66158K, capacity 68598K, committed 68864K, reserved 1107968K
  class space    used 8756K, capacity 9377K, committed 9472K, reserved 1048576K
Event: 12.450 GC heap after
Heap after GC invocations=13 (full 3):
 PSYoungGen      total 257536K, used 14057K [0x00000000e0000000, 0x00000000f2d00000, 0x0000000100000000)
  eden space 243200K, 0% used [0x00000000e0000000,0x00000000e0000000,0x00000000eed80000)
  from space 14336K, 98% used [0x00000000f1f00000,0x00000000f2cba790,0x00000000f2d00000)
  to   space 25600K, 0% used [0x00000000efb00000,0x00000000efb00000,0x00000000f1400000)
 ParOldGen       total 166912K, used 43393K [0x00000000a0000000, 0x00000000aa300000, 0x00000000e0000000)
  object space 166912K, 25% used [0x00000000a0000000,0x00000000a2a60610,0x00000000aa300000)
 Metaspace       used 66158K, capacity 68598K, committed 68864K, reserved 1107968K
  class space    used 8756K, capacity 9377K, committed 9472K, reserved 1048576K
}
Event: 38.756 GC heap before
{Heap before GC invocations=14 (full 3):
 PSYoungGen      total 257536K, used 257257K [0x00000000e0000000, 0x00000000f2d00000, 0x0000000100000000)
  eden space 243200K, 100% used [0x00000000e0000000,0x00000000eed80000,0x00000000eed80000)
  from space 14336K, 98% used [0x00000000f1f00000,0x00000000f2cba790,0x00000000f2d00000)
  to   space 25600K, 0% used [0x00000000efb00000,0x00000000efb00000,0x00000000f1400000)
 ParOldGen       total 166912K, used 43393K [0x00000000a0000000, 0x00000000aa300000, 0x00000000e0000000)
  object space 166912K, 25% used [0x00000000a0000000,0x00000000a2a60610,0x00000000aa300000)
 Metaspace       used 79319K, capacity 82750K, committed 82944K, reserved 1120256K
  class space    used 10434K, capacity 11199K, committed 11264K, reserved 1048576K
Event: 38.777 GC heap after
Heap after GC invocations=14 (full 3):
 PSYoungGen      total 282624K, used 25576K [0x00000000e0000000, 0x00000000f4a00000, 0x0000000100000000)
  eden space 257024K, 0% used [0x00000000e0000000,0x00000000e0000000,0x00000000efb00000)
  from space 25600K, 99% used [0x00000000efb00000,0x00000000f13fa118,0x00000000f1400000)
  to   space 28672K, 0% used [0x00000000f2e00000,0x00000000f2e00000,0x00000000f4a00000)
 ParOldGen       total 166912K, used 43650K [0x00000000a0000000, 0x00000000aa300000, 0x00000000e0000000)
  object space 166912K, 26% used [0x00000000a0000000,0x00000000a2aa0bf8,0x00000000aa300000)
 Metaspace       used 79319K, capacity 82750K, committed 82944K, reserved 1120256K
  class space    used 10434K, capacity 11199K, committed 11264K, reserved 1048576K
}

