# JRE version: OpenJDK Runtime Environment (8.0_152-b02) (build 1.8.0_152-release-1024-b02)
# Java VM: OpenJDK 64-Bit Server VM (25.152-b02 mixed mode windows-amd64 compressed oops)
Heap:
 PSYoungGen      total 263168K, used 33091K [0x00000000e0000000, 0x00000000f2f80000, 0x0000000100000000)
  eden space 240640K, 4% used [0x00000000e0000000,0x00000000e0b0d8e8,0x00000000eeb00000)
  from space 22528K, 96% used [0x00000000eeb00000,0x00000000f0043530,0x00000000f0100000)
  to   space 27136K, 0% used [0x00000000f1500000,0x00000000f1500000,0x00000000f2f80000)
 ParOldGen       total 254464K, used 37681K [0x00000000a0000000, 0x00000000af880000, 0x00000000e0000000)
  object space 254464K, 14% used [0x00000000a0000000,0x00000000a24cc7e0,0x00000000af880000)
 Metaspace       used 75376K, capacity 78366K, committed 78552K, reserved 1118208K
  class space    used 9756K, capacity 10405K, committed 10496K, reserved 1048576K
GC Heap History (10 events):
Event: 14.591 GC heap before
{Heap before GC invocations=12 (full 3):
 PSYoungGen      total 226816K, used 17848K [0x00000000e0000000, 0x00000000f2380000, 0x0000000100000000)
  eden space 205312K, 0% used [0x00000000e0000000,0x00000000e0000000,0x00000000ec880000)
  from space 21504K, 82% used [0x00000000ec880000,0x00000000ed9ee0e8,0x00000000edd80000)
  to   space 23040K, 0% used [0x00000000f0d00000,0x00000000f0d00000,0x00000000f2380000)
 ParOldGen       total 171008K, used 34185K [0x00000000a0000000, 0x00000000aa700000, 0x00000000e0000000)
  object space 171008K, 19% used [0x00000000a0000000,0x00000000a2162728,0x00000000aa700000)
 Metaspace       used 57195K, capacity 58960K, committed 59028K, reserved 1099776K
  class space    used 7714K, capacity 8135K, committed 8192K, reserved 1048576K
Event: 14.805 GC heap after
Heap after GC invocations=12 (full 3):
 PSYoungGen      total 226816K, used 0K [0x00000000e0000000, 0x00000000f2380000, 0x0000000100000000)
  eden space 205312K, 0% used [0x00000000e0000000,0x00000000e0000000,0x00000000ec880000)
  from space 21504K, 0% used [0x00000000ec880000,0x00000000ec880000,0x00000000edd80000)
  to   space 23040K, 0% used [0x00000000f0d00000,0x00000000f0d00000,0x00000000f2380000)
 ParOldGen       total 254464K, used 32679K [0x00000000a0000000, 0x00000000af880000, 0x00000000e0000000)
  object space 254464K, 12% used [0x00000000a0000000,0x00000000a1fe9f18,0x00000000af880000)
 Metaspace       used 57195K, capacity 58960K, committed 59028K, reserved 1099776K
  class space    used 7714K, capacity 8135K, committed 8192K, reserved 1048576K
}
Event: 480.969 GC heap before
{Heap before GC invocations=13 (full 3):
 PSYoungGen      total 226816K, used 205312K [0x00000000e0000000, 0x00000000f2380000, 0x0000000100000000)
  eden space 205312K, 100% used [0x00000000e0000000,0x00000000ec880000,0x00000000ec880000)
  from space 21504K, 0% used [0x00000000ec880000,0x00000000ec880000,0x00000000edd80000)
  to   space 23040K, 0% used [0x00000000f0d00000,0x00000000f0d00000,0x00000000f2380000)
 ParOldGen       total 254464K, used 32679K [0x00000000a0000000, 0x00000000af880000, 0x00000000e0000000)
  object space 254464K, 12% used [0x00000000a0000000,0x00000000a1fe9f18,0x00000000af880000)
 Metaspace       used 60409K, capacity 62488K, committed 62680K, reserved 1103872K
  class space    used 7941K, capacity 8409K, committed 8448K, reserved 1048576K
Event: 480.977 GC heap after
Heap after GC invocations=13 (full 3):
 PSYoungGen      total 210944K, used 10234K [0x00000000e0000000, 0x00000000f1700000, 0x0000000100000000)
  eden space 200704K, 0% used [0x00000000e0000000,0x00000000e0000000,0x00000000ec400000)
  from space 10240K, 99% used [0x00000000f0d00000,0x00000000f16fe848,0x00000000f1700000)
  to   space 22528K, 0% used [0x00000000eeb00000,0x00000000eeb00000,0x00000000f0100000)
 ParOldGen       total 254464K, used 32687K [0x00000000a0000000, 0x00000000af880000, 0x00000000e0000000)
  object space 254464K, 12% used [0x00000000a0000000,0x00000000a1febf18,0x00000000af880000)
 Metaspace       used 60409K, capacity 62488K, committed 62680K, reserved 1103872K
  class space    used 7941K, capacity 8409K, committed 8448K, reserved 1048576K
}
Event: 491.441 GC heap before
{Heap before GC invocations=14 (full 3):
 PSYoungGen      total 210944K, used 210938K [0x00000000e0000000, 0x00000000f1700000, 0x0000000100000000)
  eden space 200704K, 100% used [0x00000000e0000000,0x00000000ec400000,0x00000000ec400000)
  from space 10240K, 99% used [0x00000000f0d00000,0x00000000f16fe848,0x00000000f1700000)
  to   space 22528K, 0% used [0x00000000eeb00000,0x00000000eeb00000,0x00000000f0100000)
 ParOldGen       total 254464K, used 32687K [0x00000000a0000000, 0x00000000af880000, 0x00000000e0000000)
  object space 254464K, 12% used [0x00000000a0000000,0x00000000a1febf18,0x00000000af880000)
 Metaspace       used 67201K, capacity 69436K, committed 69720K, reserved 1110016K
  class space    used 8708K, capacity 9253K, committed 9344K, reserved 1048576K
Event: 491.458 GC heap after
Heap after GC invocations=14 (full 3):
 PSYoungGen      total 218624K, used 22501K [0x00000000e0000000, 0x00000000f0d80000, 0x0000000100000000)
  eden space 196096K, 0% used [0x00000000e0000000,0x00000000e0000000,0x00000000ebf80000)
  from space 22528K, 99% used [0x00000000eeb00000,0x00000000f00f9628,0x00000000f0100000)
  to   space 12800K, 0% used [0x00000000f0100000,0x00000000f0100000,0x00000000f0d80000)
 ParOldGen       total 254464K, used 35990K [0x00000000a0000000, 0x00000000af880000, 0x00000000e0000000)
  object space 254464K, 14% used [0x00000000a0000000,0x00000000a2325b78,0x00000000af880000)
 Metaspace       used 67201K, capacity 69436K, committed 69720K, reserved 1110016K
  class space    used 8708K, capacity 9253K, committed 9344K, reserved 1048576K
}
Event: 491.589 GC heap before
{Heap before GC invocations=15 (full 3):
 PSYoungGen      total 218624K, used 218426K [0x00000000e0000000, 0x00000000f0d80000, 0x0000000100000000)
  eden space 196096K, 99% used [0x00000000e0000000,0x00000000ebf551d8,0x00000000ebf80000)
  from space 22528K, 99% used [0x00000000eeb00000,0x00000000f00f9628,0x00000000f0100000)
  to   space 12800K, 0% used [0x00000000f0100000,0x00000000f0100000,0x00000000f0d80000)
 ParOldGen       total 254464K, used 35990K [0x00000000a0000000, 0x00000000af880000, 0x00000000e0000000)
  object space 254464K, 14% used [0x00000000a0000000,0x00000000a2325b78,0x00000000af880000)
 Metaspace       used 67454K, capacity 69680K, committed 69976K, reserved 1110016K
  class space    used 8749K, capacity 9265K, committed 9344K, reserved 1048576K
Event: 491.599 GC heap after
Heap after GC invocations=15 (full 3):
 PSYoungGen      total 208896K, used 12798K [0x00000000e0000000, 0x00000000f0d80000, 0x0000000100000000)
  eden space 196096K, 0% used [0x00000000e0000000,0x00000000e0000000,0x00000000ebf80000)
  from space 12800K, 99% used [0x00000000f0100000,0x00000000f0d7fa00,0x00000000f0d80000)
  to   space 22528K, 0% used [0x00000000eeb00000,0x00000000eeb00000,0x00000000f0100000)
 ParOldGen       total 254464K, used 37673K [0x00000000a0000000, 0x00000000af880000, 0x00000000e0000000)
  object space 254464K, 14% used [0x00000000a0000000,0x00000000a24ca7e0,0x00000000af880000)
 Metaspace       used 67454K, capacity 69680K, committed 69976K, reserved 1110016K
  class space    used 8749K, capacity 9265K, committed 9344K, reserved 1048576K
}
Event: 493.324 GC heap before
{Heap before GC invocations=16 (full 3):
 PSYoungGen      total 208896K, used 208894K [0x00000000e0000000, 0x00000000f0d80000, 0x0000000100000000)
  eden space 196096K, 100% used [0x00000000e0000000,0x00000000ebf80000,0x00000000ebf80000)
  from space 12800K, 99% used [0x00000000f0100000,0x00000000f0d7fa00,0x00000000f0d80000)
  to   space 22528K, 0% used [0x00000000eeb00000,0x00000000eeb00000,0x00000000f0100000)
 ParOldGen       total 254464K, used 37673K [0x00000000a0000000, 0x00000000af880000, 0x00000000e0000000)
  object space 254464K, 14% used [0x00000000a0000000,0x00000000a24ca7e0,0x00000000af880000)
 Metaspace       used 74954K, capacity 77854K, committed 78040K, reserved 1116160K
  class space    used 9742K, capacity 10371K, committed 10496K, reserved 1048576K
Event: 493.336 GC heap after
Heap after GC invocations=16 (full 3):
 PSYoungGen      total 263168K, used 21773K [0x00000000e0000000, 0x00000000f2f80000, 0x0000000100000000)
  eden space 240640K, 0% used [0x00000000e0000000,0x00000000e0000000,0x00000000eeb00000)
  from space 22528K, 96% used [0x00000000eeb00000,0x00000000f0043530,0x00000000f0100000)
  to   space 27136K, 0% used [0x00000000f1500000,0x00000000f1500000,0x00000000f2f80000)
 ParOldGen       total 254464K, used 37681K [0x00000000a0000000, 0x00000000af880000, 0x00000000e0000000)
  object space 254464K, 14% used [0x00000000a0000000,0x00000000a24cc7e0,0x00000000af880000)
 Metaspace       used 74954K, capacity 77854K, committed 78040K, reserved 1116160K
  class space    used 9742K, capacity 10371K, committed 10496K, reserved 1048576K
}

