# JRE version: OpenJDK Runtime Environment (8.0_152-b02) (build 1.8.0_152-release-1024-b02)
# Java VM: OpenJDK 64-Bit Server VM (25.152-b02 mixed mode windows-amd64 compressed oops)
Heap:
 PSYoungGen      total 423936K, used 61167K [0x00000000e0000000, 0x00000000ff580000, 0x0000000100000000)
  eden space 368128K, 16% used [0x00000000e0000000,0x00000000e3bbbfd0,0x00000000f6780000)
  from space 55808K, 0% used [0x00000000fa780000,0x00000000fa780000,0x00000000fde00000)
  to   space 65536K, 0% used [0x00000000f6780000,0x00000000f6780000,0x00000000fa780000)
 ParOldGen       total 359424K, used 103390K [0x00000000a0000000, 0x00000000b5f00000, 0x00000000e0000000)
  object space 359424K, 28% used [0x00000000a0000000,0x00000000a64f79a0,0x00000000b5f00000)
 Metaspace       used 157174K, capacity 165984K, committed 166220K, reserved 1193984K
  class space    used 20230K, capacity 22004K, committed 22144K, reserved 1048576K
GC Heap History (10 events):
Event: 2467.012 GC heap before
{Heap before GC invocations=23 (full 4):
 PSYoungGen      total 368128K, used 368010K [0x00000000e0000000, 0x00000000f9c80000, 0x0000000100000000)
  eden space 331264K, 99% used [0x00000000e0000000,0x00000000f4366c98,0x00000000f4380000)
  from space 36864K, 99% used [0x00000000f6d80000,0x00000000f917bd28,0x00000000f9180000)
  to   space 43008K, 0% used [0x00000000f4380000,0x00000000f4380000,0x00000000f6d80000)
 ParOldGen       total 359424K, used 55987K [0x00000000a0000000, 0x00000000b5f00000, 0x00000000e0000000)
  object space 359424K, 15% used [0x00000000a0000000,0x00000000a36acd70,0x00000000b5f00000)
 Metaspace       used 128580K, capacity 135352K, committed 135628K, reserved 1167360K
  class space    used 16443K, capacity 17805K, committed 17920K, reserved 1048576K
Event: 2467.059 GC heap after
Heap after GC invocations=23 (full 4):
 PSYoungGen      total 374272K, used 42979K [0x00000000e0000000, 0x00000000fc800000, 0x0000000100000000)
  eden space 331264K, 0% used [0x00000000e0000000,0x00000000e0000000,0x00000000f4380000)
  from space 43008K, 99% used [0x00000000f4380000,0x00000000f6d78fa0,0x00000000f6d80000)
  to   space 52224K, 0% used [0x00000000f9500000,0x00000000f9500000,0x00000000fc800000)
 ParOldGen       total 359424K, used 65402K [0x00000000a0000000, 0x00000000b5f00000, 0x00000000e0000000)
  object space 359424K, 18% used [0x00000000a0000000,0x00000000a3fde938,0x00000000b5f00000)
 Metaspace       used 128580K, capacity 135352K, committed 135628K, reserved 1167360K
  class space    used 16443K, capacity 17805K, committed 17920K, reserved 1048576K
}
Event: 2575.147 GC heap before
{Heap before GC invocations=24 (full 4):
 PSYoungGen      total 374272K, used 374243K [0x00000000e0000000, 0x00000000fc800000, 0x0000000100000000)
  eden space 331264K, 100% used [0x00000000e0000000,0x00000000f4380000,0x00000000f4380000)
  from space 43008K, 99% used [0x00000000f4380000,0x00000000f6d78fa0,0x00000000f6d80000)
  to   space 52224K, 0% used [0x00000000f9500000,0x00000000f9500000,0x00000000fc800000)
 ParOldGen       total 359424K, used 65402K [0x00000000a0000000, 0x00000000b5f00000, 0x00000000e0000000)
  object space 359424K, 18% used [0x00000000a0000000,0x00000000a3fde938,0x00000000b5f00000)
 Metaspace       used 129642K, capacity 136646K, committed 136780K, reserved 1167360K
  class space    used 16611K, capacity 18044K, committed 18048K, reserved 1048576K
Event: 2575.179 GC heap after
Heap after GC invocations=24 (full 4):
 PSYoungGen      total 401408K, used 30775K [0x00000000e0000000, 0x00000000fc100000, 0x0000000100000000)
  eden space 356352K, 0% used [0x00000000e0000000,0x00000000e0000000,0x00000000f5c00000)
  from space 45056K, 68% used [0x00000000f9500000,0x00000000fb30de30,0x00000000fc100000)
  to   space 51712K, 0% used [0x00000000f5c00000,0x00000000f5c00000,0x00000000f8e80000)
 ParOldGen       total 359424K, used 75522K [0x00000000a0000000, 0x00000000b5f00000, 0x00000000e0000000)
  object space 359424K, 21% used [0x00000000a0000000,0x00000000a49c0920,0x00000000b5f00000)
 Metaspace       used 129642K, capacity 136646K, committed 136780K, reserved 1167360K
  class space    used 16611K, capacity 18044K, committed 18048K, reserved 1048576K
}
Event: 2974.986 GC heap before
{Heap before GC invocations=25 (full 4):
 PSYoungGen      total 401408K, used 387127K [0x00000000e0000000, 0x00000000fc100000, 0x0000000100000000)
  eden space 356352K, 100% used [0x00000000e0000000,0x00000000f5c00000,0x00000000f5c00000)
  from space 45056K, 68% used [0x00000000f9500000,0x00000000fb30de30,0x00000000fc100000)
  to   space 51712K, 0% used [0x00000000f5c00000,0x00000000f5c00000,0x00000000f8e80000)
 ParOldGen       total 359424K, used 75522K [0x00000000a0000000, 0x00000000b5f00000, 0x00000000e0000000)
  object space 359424K, 21% used [0x00000000a0000000,0x00000000a49c0920,0x00000000b5f00000)
 Metaspace       used 139646K, capacity 147478K, committed 147788K, reserved 1177600K
  class space    used 17931K, capacity 19538K, committed 19584K, reserved 1048576K
Event: 2975.014 GC heap after
Heap after GC invocations=25 (full 4):
 PSYoungGen      total 408064K, used 43163K [0x00000000e0000000, 0x00000000fde00000, 0x0000000100000000)
  eden space 356352K, 0% used [0x00000000e0000000,0x00000000e0000000,0x00000000f5c00000)
  from space 51712K, 83% used [0x00000000f5c00000,0x00000000f8626fd0,0x00000000f8e80000)
  to   space 55808K, 0% used [0x00000000fa780000,0x00000000fa780000,0x00000000fde00000)
 ParOldGen       total 359424K, used 75538K [0x00000000a0000000, 0x00000000b5f00000, 0x00000000e0000000)
  object space 359424K, 21% used [0x00000000a0000000,0x00000000a49c4920,0x00000000b5f00000)
 Metaspace       used 139646K, capacity 147478K, committed 147788K, reserved 1177600K
  class space    used 17931K, capacity 19538K, committed 19584K, reserved 1048576K
}
Event: 2979.095 GC heap before
{Heap before GC invocations=26 (full 4):
 PSYoungGen      total 408064K, used 369502K [0x00000000e0000000, 0x00000000fde00000, 0x0000000100000000)
  eden space 356352K, 91% used [0x00000000e0000000,0x00000000f3eb0b48,0x00000000f5c00000)
  from space 51712K, 83% used [0x00000000f5c00000,0x00000000f8626fd0,0x00000000f8e80000)
  to   space 55808K, 0% used [0x00000000fa780000,0x00000000fa780000,0x00000000fde00000)
 ParOldGen       total 359424K, used 75538K [0x00000000a0000000, 0x00000000b5f00000, 0x00000000e0000000)
  object space 359424K, 21% used [0x00000000a0000000,0x00000000a49c4920,0x00000000b5f00000)
 Metaspace       used 154945K, capacity 163926K, committed 163968K, reserved 1191936K
  class space    used 19925K, capacity 21754K, committed 21760K, reserved 1048576K
Event: 2979.134 GC heap after
Heap after GC invocations=26 (full 4):
 PSYoungGen      total 423936K, used 55800K [0x00000000e0000000, 0x00000000ff580000, 0x0000000100000000)
  eden space 368128K, 0% used [0x00000000e0000000,0x00000000e0000000,0x00000000f6780000)
  from space 55808K, 99% used [0x00000000fa780000,0x00000000fddfe340,0x00000000fde00000)
  to   space 65536K, 0% used [0x00000000f6780000,0x00000000f6780000,0x00000000fa780000)
 ParOldGen       total 359424K, used 80715K [0x00000000a0000000, 0x00000000b5f00000, 0x00000000e0000000)
  object space 359424K, 22% used [0x00000000a0000000,0x00000000a4ed2f18,0x00000000b5f00000)
 Metaspace       used 154945K, capacity 163926K, committed 163968K, reserved 1191936K
  class space    used 19925K, capacity 21754K, committed 21760K, reserved 1048576K
}
Event: 2979.135 GC heap before
{Heap before GC invocations=27 (full 5):
 PSYoungGen      total 423936K, used 55800K [0x00000000e0000000, 0x00000000ff580000, 0x0000000100000000)
  eden space 368128K, 0% used [0x00000000e0000000,0x00000000e0000000,0x00000000f6780000)
  from space 55808K, 99% used [0x00000000fa780000,0x00000000fddfe340,0x00000000fde00000)
  to   space 65536K, 0% used [0x00000000f6780000,0x00000000f6780000,0x00000000fa780000)
 ParOldGen       total 359424K, used 80715K [0x00000000a0000000, 0x00000000b5f00000, 0x00000000e0000000)
  object space 359424K, 22% used [0x00000000a0000000,0x00000000a4ed2f18,0x00000000b5f00000)
 Metaspace       used 154945K, capacity 163926K, committed 163968K, reserved 1191936K
  class space    used 19925K, capacity 21754K, committed 21760K, reserved 1048576K
Event: 2979.323 GC heap after
Heap after GC invocations=27 (full 5):
 PSYoungGen      total 423936K, used 0K [0x00000000e0000000, 0x00000000ff580000, 0x0000000100000000)
  eden space 368128K, 0% used [0x00000000e0000000,0x00000000e0000000,0x00000000f6780000)
  from space 55808K, 0% used [0x00000000fa780000,0x00000000fa780000,0x00000000fde00000)
  to   space 65536K, 0% used [0x00000000f6780000,0x00000000f6780000,0x00000000fa780000)
 ParOldGen       total 359424K, used 103390K [0x00000000a0000000, 0x00000000b5f00000, 0x00000000e0000000)
  object space 359424K, 28% used [0x00000000a0000000,0x00000000a64f79a0,0x00000000b5f00000)
 Metaspace       used 154420K, capacity 162820K, committed 163968K, reserved 1191936K
  class space    used 19808K, capacity 21526K, committed 21760K, reserved 1048576K
}

